<?xml version="1.0" encoding="UTF-8"?>
<testsuite xmlns:xsi="http://www.w3.org/2001/XMLSchema-instance" xsi:noNamespaceSchemaLocation="https://maven.apache.org/surefire/maven-surefire-plugin/xsd/surefire-test-report-3.0.xsd" version="3.0" name="com.mycompany.tallertest.CalculadoraTest" time="0.095" tests="43" errors="0" skipped="0" failures="0">
  <properties>
    <property name="java.specification.version" value="21"/>
    <property name="sun.cpu.isalist" value="amd64"/>
    <property name="sun.jnu.encoding" value="Cp1252"/>
    <property name="java.class.path" value="C:\Users\Jonanyu\Desktop\Taller12\TallerTest\target\test-classes;C:\Users\Jonanyu\Desktop\Taller12\TallerTest\target\classes;C:\Users\Jonanyu\.m2\repository\junit\junit\4.13.2\junit-4.13.2.jar;C:\Users\Jonanyu\.m2\repository\org\hamcrest\hamcrest-core\1.3\hamcrest-core-1.3.jar;"/>
    <property name="java.vm.vendor" value="Oracle Corporation"/>
    <property name="sun.arch.data.model" value="64"/>
    <property name="user.variant" value=""/>
    <property name="java.vendor.url" value="https://java.oracle.com/"/>
    <property name="user.timezone" value="America/Guayaquil"/>
    <property name="os.name" value="Windows 11"/>
    <property name="java.vm.specification.version" value="21"/>
    <property name="user.country" value="EC"/>
    <property name="sun.java.launcher" value="SUN_STANDARD"/>
    <property name="sun.boot.library.path" value="C:\Program Files\Java\jdk-21\bin"/>
    <property name="sun.java.command" value="C:\Users\Jonanyu\AppData\Local\Temp\surefire10056382662212316889\surefirebooter-20240819211822946_3.jar C:\Users\Jonanyu\AppData\Local\Temp\surefire10056382662212316889 2024-08-19T21-18-22_836-jvmRun1 surefire-20240819211822946_1tmp surefire_0-20240819211822946_2tmp"/>
    <property name="jdk.debug" value="release"/>
    <property name="test" value="com.mycompany.tallertest.CalculadoraTest"/>
    <property name="surefire.test.class.path" value="C:\Users\Jonanyu\Desktop\Taller12\TallerTest\target\test-classes;C:\Users\Jonanyu\Desktop\Taller12\TallerTest\target\classes;C:\Users\Jonanyu\.m2\repository\junit\junit\4.13.2\junit-4.13.2.jar;C:\Users\Jonanyu\.m2\repository\org\hamcrest\hamcrest-core\1.3\hamcrest-core-1.3.jar;"/>
    <property name="sun.cpu.endian" value="little"/>
    <property name="user.home" value="C:\Users\Jonanyu"/>
    <property name="user.language" value="es"/>
    <property name="java.specification.vendor" value="Oracle Corporation"/>
    <property name="java.version.date" value="2023-10-17"/>
    <property name="java.home" value="C:\Program Files\Java\jdk-21"/>
    <property name="file.separator" value="\"/>
    <property name="basedir" value="C:\Users\Jonanyu\Desktop\Taller12\TallerTest"/>
    <property name="java.vm.compressedOopsMode" value="Zero based"/>
    <property name="line.separator" value="&#10;"/>
    <property name="java.vm.specification.vendor" value="Oracle Corporation"/>
    <property name="java.specification.name" value="Java Platform API Specification"/>
    <property name="surefire.real.class.path" value="C:\Users\Jonanyu\AppData\Local\Temp\surefire10056382662212316889\surefirebooter-20240819211822946_3.jar"/>
    <property name="user.script" value=""/>
    <property name="sun.management.compiler" value="HotSpot 64-Bit Tiered Compilers"/>
    <property name="java.runtime.version" value="21.0.1+12-LTS-29"/>
    <property name="user.name" value="Jonanyu"/>
    <property name="stdout.encoding" value="Cp1252"/>
    <property name="path.separator" value=";"/>
    <property name="os.version" value="10.0"/>
    <property name="java.runtime.name" value="Java(TM) SE Runtime Environment"/>
    <property name="file.encoding" value="UTF-8"/>
    <property name="java.vm.name" value="Java HotSpot(TM) 64-Bit Server VM"/>
    <property name="maven.ext.class.path" value="C:\Program Files\NetBeans-19\netbeans\java\maven-nblib\netbeans-eventspy.jar"/>
    <property name="localRepository" value="C:\Users\Jonanyu\.m2\repository"/>
    <property name="java.vendor.url.bug" value="https://bugreport.java.com/bugreport/"/>
    <property name="java.io.tmpdir" value="C:\Users\Jonanyu\AppData\Local\Temp\"/>
    <property name="java.version" value="21.0.1"/>
    <property name="user.dir" value="C:\Users\Jonanyu\Desktop\Taller12\TallerTest"/>
    <property name="os.arch" value="amd64"/>
    <property name="java.vm.specification.name" value="Java Virtual Machine Specification"/>
    <property name="sun.os.patch.level" value=""/>
    <property name="native.encoding" value="Cp1252"/>
    <property name="java.library.path" value="C:\Program Files\Java\jdk-21\bin;C:\WINDOWS\Sun\Java\bin;C:\WINDOWS\system32;C:\WINDOWS;C:\WINDOWS\system32;C:\WINDOWS;C:\WINDOWS\System32\Wbem;C:\WINDOWS\System32\WindowsPowerShell\v1.0\;C:\WINDOWS\System32\OpenSSH\;C:\Program Files\Git\cmd;C:\Program Files\nodejs\;C:\Program Files\WinRAR;C:\Program Files\dotnet\;C:\Program Files (x86)\Microsoft SQL Server\160\Tools\Binn\;C:\Program Files\Microsoft SQL Server\160\Tools\Binn\;C:\Program Files\Microsoft SQL Server\Client SDK\ODBC\170\Tools\Binn\;C:\Program Files\Microsoft SQL Server\160\DTS\Binn\;C:\Program Files (x86)\Microsoft SQL Server\160\DTS\Binn\;C:\Users\Jonanyu\Desktop\flutter\bin;C:\Users\Jonanyu\AppData\Local\Microsoft\WindowsApps;C:\Users\Jonanyu\AppData\Local\Programs\Microsoft VS Code\bin;C:\Users\Jonanyu\AppData\Roaming\npm;C:\Users\Jonanyu\AppData\Local\Programs\oh-my-posh\bin;C:\Users\Jonanyu\.dotnet\tools;."/>
    <property name="java.vm.info" value="mixed mode, sharing"/>
    <property name="stderr.encoding" value="Cp1252"/>
    <property name="java.vendor" value="Oracle Corporation"/>
    <property name="java.vm.version" value="21.0.1+12-LTS-29"/>
    <property name="sun.io.unicode.encoding" value="UnicodeLittle"/>
    <property name="java.class.version" value="65.0"/>
  </properties>
  <testcase name="testRadicacion_TCRa01" classname="com.mycompany.tallertest.CalculadoraTest" time="0.011">
    <system-out><![CDATA[radicacion_TCRa01
]]></system-out>
  </testcase>
  <testcase name="testRadicacion_TCRa02" classname="com.mycompany.tallertest.CalculadoraTest" time="0.001">
    <system-out><![CDATA[radicacion_TCRa02
]]></system-out>
  </testcase>
  <testcase name="testRadicacion_TCRa03" classname="com.mycompany.tallertest.CalculadoraTest" time="0.006">
    <system-out><![CDATA[radicacion_TCRa03
]]></system-out>
  </testcase>
  <testcase name="testRadicacion_TCRa04" classname="com.mycompany.tallertest.CalculadoraTest" time="0.0">
    <system-out><![CDATA[radicacion_TCRa04
]]></system-out>
  </testcase>
  <testcase name="testRadicacion_TCRa05" classname="com.mycompany.tallertest.CalculadoraTest" time="0.0">
    <system-out><![CDATA[radicacion_TCRa05
]]></system-out>
  </testcase>
  <testcase name="testRadicacion_TCRa06" classname="com.mycompany.tallertest.CalculadoraTest" time="0.001">
    <system-out><![CDATA[radicacion_TCRa06
]]></system-out>
  </testcase>
  <testcase name="testRadicacion_TCRa07" classname="com.mycompany.tallertest.CalculadoraTest" time="0.0">
    <system-out><![CDATA[radicacion_TCRa07
]]></system-out>
  </testcase>
  <testcase name="testRadicacion_TCRa08" classname="com.mycompany.tallertest.CalculadoraTest" time="0.0">
    <system-out><![CDATA[radicacion_TCRa08
]]></system-out>
  </testcase>
  <testcase name="testRadicacion" classname="com.mycompany.tallertest.CalculadoraTest" time="0.0">
    <system-out><![CDATA[radicacion
]]></system-out>
  </testcase>
  <testcase name="testMultiplicacion_TCM01" classname="com.mycompany.tallertest.CalculadoraTest" time="0.0"/>
  <testcase name="testMultiplicacion_TCM02" classname="com.mycompany.tallertest.CalculadoraTest" time="0.0"/>
  <testcase name="testMultiplicacion_TCM03" classname="com.mycompany.tallertest.CalculadoraTest" time="0.0"/>
  <testcase name="testMultiplicacion_TCM04" classname="com.mycompany.tallertest.CalculadoraTest" time="0.0"/>
  <testcase name="testExponenciacion" classname="com.mycompany.tallertest.CalculadoraTest" time="0.001">
    <system-out><![CDATA[exponenciacion
]]></system-out>
  </testcase>
  <testcase name="testResta_TCR01" classname="com.mycompany.tallertest.CalculadoraTest" time="0.0"/>
  <testcase name="testResta_TCR02" classname="com.mycompany.tallertest.CalculadoraTest" time="0.0"/>
  <testcase name="testResta_TCR03" classname="com.mycompany.tallertest.CalculadoraTest" time="0.0"/>
  <testcase name="testResta_TCR04" classname="com.mycompany.tallertest.CalculadoraTest" time="0.0"/>
  <testcase name="testResta_TCR05" classname="com.mycompany.tallertest.CalculadoraTest" time="0.0"/>
  <testcase name="testResta_TCR06" classname="com.mycompany.tallertest.CalculadoraTest" time="0.0"/>
  <testcase name="testResta_TCR07" classname="com.mycompany.tallertest.CalculadoraTest" time="0.0"/>
  <testcase name="testSonAmigos_TCNAC01" classname="com.mycompany.tallertest.CalculadoraTest" time="0.0">
    <system-out><![CDATA[sonAmigos_TCNAC01
]]></system-out>
  </testcase>
  <testcase name="testSonAmigos_TCNAC02" classname="com.mycompany.tallertest.CalculadoraTest" time="0.0">
    <system-out><![CDATA[sonAmigos_TCNAC02
]]></system-out>
  </testcase>
  <testcase name="testSonAmigos_TCNAC03" classname="com.mycompany.tallertest.CalculadoraTest" time="0.002">
    <system-out><![CDATA[sonAmigos_TCNAC03
]]></system-out>
  </testcase>
  <testcase name="testSonAmigos_TCNAC04" classname="com.mycompany.tallertest.CalculadoraTest" time="0.0">
    <system-out><![CDATA[sonAmigos_TCNAC04
]]></system-out>
  </testcase>
  <testcase name="testSonAmigos" classname="com.mycompany.tallertest.CalculadoraTest" time="0.001">
    <system-out><![CDATA[sonAmigos
]]></system-out>
  </testcase>
  <testcase name="testSumaDivisores" classname="com.mycompany.tallertest.CalculadoraTest" time="0.001">
    <system-out><![CDATA[sumaDivisores
]]></system-out>
  </testcase>
  <testcase name="testSuma_TCS01" classname="com.mycompany.tallertest.CalculadoraTest" time="0.001">
    <system-out><![CDATA[suma
]]></system-out>
  </testcase>
  <testcase name="testSuma_TCS02" classname="com.mycompany.tallertest.CalculadoraTest" time="0.0">
    <system-out><![CDATA[suma
]]></system-out>
  </testcase>
  <testcase name="testSuma_TCS03" classname="com.mycompany.tallertest.CalculadoraTest" time="0.0">
    <system-out><![CDATA[suma
]]></system-out>
  </testcase>
  <testcase name="testSuma_TCS04" classname="com.mycompany.tallertest.CalculadoraTest" time="0.001">
    <system-out><![CDATA[suma
]]></system-out>
  </testcase>
  <testcase name="testSuma_TCS05" classname="com.mycompany.tallertest.CalculadoraTest" time="0.0">
    <system-out><![CDATA[suma
]]></system-out>
  </testcase>
  <testcase name="testDivision_TCD01" classname="com.mycompany.tallertest.CalculadoraTest" time="0.0"/>
  <testcase name="testDivision_TCD02" classname="com.mycompany.tallertest.CalculadoraTest" time="0.0"/>
  <testcase name="testDivision_TCD03" classname="com.mycompany.tallertest.CalculadoraTest" time="0.0"/>
  <testcase name="testDivision_TCD04" classname="com.mycompany.tallertest.CalculadoraTest" time="0.0"/>
  <testcase name="testDivision_TCD05" classname="com.mycompany.tallertest.CalculadoraTest" time="0.0"/>
  <testcase name="testExponenciacion_TCE01" classname="com.mycompany.tallertest.CalculadoraTest" time="0.0">
    <system-out><![CDATA[exponenciacion_TCE01
]]></system-out>
  </testcase>
  <testcase name="testExponenciacion_TCE02" classname="com.mycompany.tallertest.CalculadoraTest" time="0.0">
    <system-out><![CDATA[exponenciacion_TCE02
]]></system-out>
  </testcase>
  <testcase name="testExponenciacion_TCE03" classname="com.mycompany.tallertest.CalculadoraTest" time="0.001">
    <system-out><![CDATA[exponenciacion_TCE03
]]></system-out>
  </testcase>
  <testcase name="testExponenciacion_TCE04" classname="com.mycompany.tallertest.CalculadoraTest" time="0.0">
    <system-out><![CDATA[exponenciacion_TCE04
]]></system-out>
  </testcase>
  <testcase name="testExponenciacion_TCE05" classname="com.mycompany.tallertest.CalculadoraTest" time="0.0">
    <system-out><![CDATA[exponenciacion_TCE05
]]></system-out>
  </testcase>
  <testcase name="testExponenciacion_TCE06" classname="com.mycompany.tallertest.CalculadoraTest" time="0.0">
    <system-out><![CDATA[exponenciacion_TCE06
]]></system-out>
  </testcase>
</testsuite>