<?xml version="1.0" encoding="UTF-8"?>
<testsuite xmlns:xsi="http://www.w3.org/2001/XMLSchema-instance" xsi:noNamespaceSchemaLocation="https://maven.apache.org/surefire/maven-surefire-plugin/xsd/surefire-test-report-3.0.xsd" version="3.0" name="com.mycompany.tallertest.CalculadoraTest" time="0.099" tests="18" errors="0" skipped="0" failures="0">
  <properties>
    <property name="java.specification.version" value="21"/>
    <property name="sun.cpu.isalist" value="amd64"/>
    <property name="sun.jnu.encoding" value="Cp1252"/>
    <property name="java.class.path" value="C:\Users\micha\Github\Taller12\TallerTest\target\test-classes;C:\Users\micha\Github\Taller12\TallerTest\target\classes;C:\Users\micha\.m2\repository\junit\junit\4.13.2\junit-4.13.2.jar;C:\Users\micha\.m2\repository\org\hamcrest\hamcrest-core\1.3\hamcrest-core-1.3.jar;"/>
    <property name="java.vm.vendor" value="Oracle Corporation"/>
    <property name="sun.arch.data.model" value="64"/>
    <property name="user.variant" value=""/>
    <property name="java.vendor.url" value="https://java.oracle.com/"/>
    <property name="user.timezone" value="America/Guayaquil"/>
    <property name="user.country.format" value="EC"/>
    <property name="os.name" value="Windows 11"/>
    <property name="java.vm.specification.version" value="21"/>
    <property name="user.country" value="US"/>
    <property name="sun.java.launcher" value="SUN_STANDARD"/>
    <property name="sun.boot.library.path" value="C:\Program Files\Java\jdk-21\bin"/>
    <property name="sun.java.command" value="C:\Users\micha\AppData\Local\Temp\surefire9358550849939130657\surefirebooter-20240819162713322_3.jar C:\Users\micha\AppData\Local\Temp\surefire9358550849939130657 2024-08-19T16-27-13_169-jvmRun1 surefire-20240819162713322_1tmp surefire_0-20240819162713322_2tmp"/>
    <property name="jdk.debug" value="release"/>
    <property name="test" value="com.mycompany.tallertest.CalculadoraTest"/>
    <property name="surefire.test.class.path" value="C:\Users\micha\Github\Taller12\TallerTest\target\test-classes;C:\Users\micha\Github\Taller12\TallerTest\target\classes;C:\Users\micha\.m2\repository\junit\junit\4.13.2\junit-4.13.2.jar;C:\Users\micha\.m2\repository\org\hamcrest\hamcrest-core\1.3\hamcrest-core-1.3.jar;"/>
    <property name="sun.cpu.endian" value="little"/>
    <property name="user.home" value="C:\Users\micha"/>
    <property name="user.language" value="en"/>
    <property name="java.specification.vendor" value="Oracle Corporation"/>
    <property name="java.version.date" value="2023-10-17"/>
    <property name="java.home" value="C:\Program Files\Java\jdk-21"/>
    <property name="file.separator" value="\"/>
    <property name="basedir" value="C:\Users\micha\Github\Taller12\TallerTest"/>
    <property name="java.vm.compressedOopsMode" value="Zero based"/>
    <property name="line.separator" value="&#10;"/>
    <property name="java.vm.specification.vendor" value="Oracle Corporation"/>
    <property name="java.specification.name" value="Java Platform API Specification"/>
    <property name="surefire.real.class.path" value="C:\Users\micha\AppData\Local\Temp\surefire9358550849939130657\surefirebooter-20240819162713322_3.jar"/>
    <property name="user.script" value=""/>
    <property name="sun.management.compiler" value="HotSpot 64-Bit Tiered Compilers"/>
    <property name="java.runtime.version" value="21.0.1+12-LTS-29"/>
    <property name="user.name" value="micha"/>
    <property name="stdout.encoding" value="Cp1252"/>
    <property name="path.separator" value=";"/>
    <property name="os.version" value="10.0"/>
    <property name="java.runtime.name" value="Java(TM) SE Runtime Environment"/>
    <property name="file.encoding" value="UTF-8"/>
    <property name="java.vm.name" value="Java HotSpot(TM) 64-Bit Server VM"/>
    <property name="maven.ext.class.path" value="C:\Program Files\NetBeans-19\netbeans\java\maven-nblib\netbeans-eventspy.jar"/>
    <property name="localRepository" value="C:\Users\micha\.m2\repository"/>
    <property name="java.vendor.url.bug" value="https://bugreport.java.com/bugreport/"/>
    <property name="java.io.tmpdir" value="C:\Users\micha\AppData\Local\Temp\"/>
    <property name="java.version" value="21.0.1"/>
    <property name="user.dir" value="C:\Users\micha\Github\Taller12\TallerTest"/>
    <property name="os.arch" value="amd64"/>
    <property name="java.vm.specification.name" value="Java Virtual Machine Specification"/>
    <property name="user.language.format" value="es"/>
    <property name="sun.os.patch.level" value=""/>
    <property name="native.encoding" value="Cp1252"/>
    <property name="java.library.path" value="C:\Program Files\Java\jdk-21\bin;C:\WINDOWS\Sun\Java\bin;C:\WINDOWS\system32;C:\WINDOWS;C:\Program Files\Common Files\Oracle\Java\javapath;C:\WINDOWS\system32;C:\WINDOWS;C:\WINDOWS\System32\Wbem;C:\WINDOWS\System32\WindowsPowerShell\v1.0\;C:\WINDOWS\System32\OpenSSH\;C:\Program Files\nodejs\;C:\Windows\System32\Wbem;C:\Program Files\Git\cmd;C:\Program Files\MySQL\MySQL Shell 8.0\bin\;C:\Users\micha\AppData\Local\Programs\Python\Python312\Scripts\;C:\Users\micha\AppData\Local\Programs\Python\Python312\;C:\Users\micha\AppData\Local\Microsoft\WindowsApps;C:\Users\micha\AppData\Local\Programs\Microsoft VS Code\bin;C:\Users\micha\AppData\Roaming\npm;C:\sqlite3;C:\Users\micha\AppData\Local\GitHubDesktop\bin;C:\ProgramData\micha\GitHubDesktop\bin;C:\Program Files\JetBrains\PyCharm Community Edition 2023.2.3\bin;;C:\Users\micha\AppData\Local\Programs\oh-my-posh\bin;."/>
    <property name="java.vm.info" value="mixed mode, sharing"/>
    <property name="stderr.encoding" value="Cp1252"/>
    <property name="java.vendor" value="Oracle Corporation"/>
    <property name="java.vm.version" value="21.0.1+12-LTS-29"/>
    <property name="sun.io.unicode.encoding" value="UnicodeLittle"/>
    <property name="java.class.version" value="65.0"/>
  </properties>
  <testcase name="testRadicacion" classname="com.mycompany.tallertest.CalculadoraTest" time="0.013">
    <system-out><![CDATA[radicacion
]]></system-out>
  </testcase>
  <testcase name="testExponenciacion" classname="com.mycompany.tallertest.CalculadoraTest" time="0.0">
    <system-out><![CDATA[exponenciacion
]]></system-out>
  </testcase>
  <testcase name="testMultiplicacion" classname="com.mycompany.tallertest.CalculadoraTest" time="0.013">
    <system-out><![CDATA[multiplicacion
]]></system-out>
  </testcase>
  <testcase name="testResta_TCR01" classname="com.mycompany.tallertest.CalculadoraTest" time="0.0"/>
  <testcase name="testResta_TCR02" classname="com.mycompany.tallertest.CalculadoraTest" time="0.0"/>
  <testcase name="testResta_TCR03" classname="com.mycompany.tallertest.CalculadoraTest" time="0.0"/>
  <testcase name="testResta_TCR04" classname="com.mycompany.tallertest.CalculadoraTest" time="0.0"/>
  <testcase name="testResta_TCR05" classname="com.mycompany.tallertest.CalculadoraTest" time="0.0"/>
  <testcase name="testResta_TCR06" classname="com.mycompany.tallertest.CalculadoraTest" time="0.0"/>
  <testcase name="testResta_TCR07" classname="com.mycompany.tallertest.CalculadoraTest" time="0.0"/>
  <testcase name="testSonAmigos" classname="com.mycompany.tallertest.CalculadoraTest" time="0.001">
    <system-out><![CDATA[sonAmigos
]]></system-out>
  </testcase>
  <testcase name="testSumaDivisores" classname="com.mycompany.tallertest.CalculadoraTest" time="0.001">
    <system-out><![CDATA[sumaDivisores
]]></system-out>
  </testcase>
  <testcase name="testDivision" classname="com.mycompany.tallertest.CalculadoraTest" time="0.0">
    <system-out><![CDATA[division
]]></system-out>
  </testcase>
  <testcase name="testSuma_TCS01" classname="com.mycompany.tallertest.CalculadoraTest" time="0.0">
    <system-out><![CDATA[suma
]]></system-out>
  </testcase>
  <testcase name="testSuma_TCS02" classname="com.mycompany.tallertest.CalculadoraTest" time="0.001">
    <system-out><![CDATA[suma
]]></system-out>
  </testcase>
  <testcase name="testSuma_TCS03" classname="com.mycompany.tallertest.CalculadoraTest" time="0.0">
    <system-out><![CDATA[suma
]]></system-out>
  </testcase>
  <testcase name="testSuma_TCS04" classname="com.mycompany.tallertest.CalculadoraTest" time="0.0">
    <system-out><![CDATA[suma
]]></system-out>
  </testcase>
  <testcase name="testSuma_TCS05" classname="com.mycompany.tallertest.CalculadoraTest" time="0.001">
    <system-out><![CDATA[suma
]]></system-out>
  </testcase>
</testsuite>